[debug] [2021-10-30T12:36:26.194Z] ----------------------------------------------------------------------
[debug] [2021-10-30T12:36:26.198Z] Command:       C:\Program Files\nodejs\node.exe C:\Users\USER\AppData\Roaming\npm\node_modules\firebase-tools\lib\bin\firebase.js init
[debug] [2021-10-30T12:36:26.199Z] CLI Version:   9.20.0
[debug] [2021-10-30T12:36:26.199Z] Platform:      win32
[debug] [2021-10-30T12:36:26.199Z] Node Version:  v14.18.0
[debug] [2021-10-30T12:36:26.201Z] Time:          Sat Oct 30 2021 18:36:26 GMT+0600 (Bangladesh Standard Time)
[debug] [2021-10-30T12:36:26.201Z] ----------------------------------------------------------------------
[debug] 
[debug] [2021-10-30T12:36:26.212Z] > command requires scopes: ["email","openid","https://www.googleapis.com/auth/cloudplatformprojects.readonly","https://www.googleapis.com/auth/firebase","https://www.googleapis.com/auth/cloud-platform"]
[debug] [2021-10-30T12:36:26.213Z] > authorizing via signed-in user (torisd56@gmail.com)
[info] 
     ######## #### ########  ######## ########     ###     ######  ########
     ##        ##  ##     ## ##       ##     ##  ##   ##  ##       ##
     ######    ##  ########  ######   ########  #########  ######  ######
     ##        ##  ##    ##  ##       ##     ## ##     ##       ## ##
     ##       #### ##     ## ######## ########  ##     ##  ######  ########

You're about to initialize a Firebase project in this directory:

  C:\Projects\Workign-project

Before we get started, keep in mind:

  * You are currently outside your home directory

[info] 
=== Project Setup
[info] 
[info] First, let's associate this project directory with a Firebase project.
[info] You can create multiple project aliases by running firebase use --add, 
[info] but for now we'll just set up a default project.
[info] 
[debug] [2021-10-30T12:39:30.549Z] >>> [apiv2][query] GET https://firebase.googleapis.com/v1beta1/projects pageSize=100
[debug] [2021-10-30T12:39:31.972Z] <<< [apiv2][status] GET https://firebase.googleapis.com/v1beta1/projects 200
[debug] [2021-10-30T12:39:31.973Z] <<< [apiv2][body] GET https://firebase.googleapis.com/v1beta1/projects [omitted]
[info] i  Using project travel-authentication-b244d (Travel Authentication) 
[debug] [2021-10-30T12:39:37.920Z] Error: EBUSY: resource busy or locked, rename 'C:\Users\USER\.config\configstore\firebase-tools.json.1130764707' -> 'C:\Users\USER\.config\configstore\firebase-tools.json'
    at Object.renameSync (fs.js:797:3)
    at Function.writeFileSync [as sync] (C:\Users\USER\AppData\Roaming\npm\node_modules\firebase-tools\node_modules\write-file-atomic\index.js:244:8)
    at Configstore.set all [as all] (C:\Users\USER\AppData\Roaming\npm\node_modules\firebase-tools\node_modules\configstore\index.js:61:20)
    at Configstore.set (C:\Users\USER\AppData\Roaming\npm\node_modules\firebase-tools\node_modules\configstore\index.js:91:12)
    at Object.makeActiveProject (C:\Users\USER\AppData\Roaming\npm\node_modules\firebase-tools\lib\utils.js:149:31)
    at Object.doSetup [as project] (C:\Users\USER\AppData\Roaming\npm\node_modules\firebase-tools\lib\init\features\project.js:98:11)
    at processTicksAndRejections (internal/process/task_queues.js:95:5)
    at async init (C:\Users\USER\AppData\Roaming\npm\node_modules\firebase-tools\lib\init\index.js:19:9)
[error] 
[error] Error: An unexpected error has occurred.
[debug] [2021-10-30T12:39:53.511Z] ----------------------------------------------------------------------
[debug] [2021-10-30T12:39:53.516Z] Command:       C:\Program Files\nodejs\node.exe C:\Users\USER\AppData\Roaming\npm\node_modules\firebase-tools\lib\bin\firebase.js init
[debug] [2021-10-30T12:39:53.516Z] CLI Version:   9.20.0
[debug] [2021-10-30T12:39:53.516Z] Platform:      win32
[debug] [2021-10-30T12:39:53.517Z] Node Version:  v14.18.0
[debug] [2021-10-30T12:39:53.519Z] Time:          Sat Oct 30 2021 18:39:53 GMT+0600 (Bangladesh Standard Time)
[debug] [2021-10-30T12:39:53.519Z] ----------------------------------------------------------------------
[debug] 
[debug] [2021-10-30T12:39:53.530Z] > command requires scopes: ["email","openid","https://www.googleapis.com/auth/cloudplatformprojects.readonly","https://www.googleapis.com/auth/firebase","https://www.googleapis.com/auth/cloud-platform"]
[debug] [2021-10-30T12:39:53.531Z] > authorizing via signed-in user (torisd56@gmail.com)
[info] 
     ######## #### ########  ######## ########     ###     ######  ########
     ##        ##  ##     ## ##       ##     ##  ##   ##  ##       ##
     ######    ##  ########  ######   ########  #########  ######  ######
     ##        ##  ##    ##  ##       ##     ## ##     ##       ## ##
     ##       #### ##     ## ######## ########  ##     ##  ######  ########

You're about to initialize a Firebase project in this directory:

  C:\Projects\Workign-project

Before we get started, keep in mind:

  * You are currently outside your home directory

[info] 
=== Project Setup
[info] 
[info] First, let's associate this project directory with a Firebase project.
[info] You can create multiple project aliases by running firebase use --add, 
[info] but for now we'll just set up a default project.
[info] 
[debug] [2021-10-30T12:40:10.331Z] >>> [apiv2][query] GET https://firebase.googleapis.com/v1beta1/projects pageSize=100
[debug] [2021-10-30T12:40:11.661Z] <<< [apiv2][status] GET https://firebase.googleapis.com/v1beta1/projects 200
[debug] [2021-10-30T12:40:11.662Z] <<< [apiv2][body] GET https://firebase.googleapis.com/v1beta1/projects [omitted]
[info] i  Using project travel-authentication-b244d (Travel Authentication) 
[debug] [2021-10-30T12:40:22.881Z] Error: EBUSY: resource busy or locked, rename 'C:\Users\USER\.config\configstore\firebase-tools.json.3670809991' -> 'C:\Users\USER\.config\configstore\firebase-tools.json'
    at Object.renameSync (fs.js:797:3)
    at Function.writeFileSync [as sync] (C:\Users\USER\AppData\Roaming\npm\node_modules\firebase-tools\node_modules\write-file-atomic\index.js:244:8)
    at Configstore.set all [as all] (C:\Users\USER\AppData\Roaming\npm\node_modules\firebase-tools\node_modules\configstore\index.js:61:20)
    at Configstore.set (C:\Users\USER\AppData\Roaming\npm\node_modules\firebase-tools\node_modules\configstore\index.js:91:12)
    at Object.makeActiveProject (C:\Users\USER\AppData\Roaming\npm\node_modules\firebase-tools\lib\utils.js:149:31)
    at Object.doSetup [as project] (C:\Users\USER\AppData\Roaming\npm\node_modules\firebase-tools\lib\init\features\project.js:98:11)
    at processTicksAndRejections (internal/process/task_queues.js:95:5)
    at async init (C:\Users\USER\AppData\Roaming\npm\node_modules\firebase-tools\lib\init\index.js:19:9)
[error] 
[error] Error: An unexpected error has occurred.
